<?xml version="1.0" encoding="UTF-8"?>
<!-- Generated by org.testng.reporters.JUnitXMLReporter -->
<testsuite ignored="0" hostname="HDC3-L-9PGVZD3" failures="1" tests="1" name="Error Validations Test" time="21.461" errors="0" timestamp="2023-02-08T10:50:24 IST">
  <testcase classname="automationframework.tests.ErrorValidationsTest" name="LoginErrorValidation" time="0.959">
    <failure type="java.lang.AssertionError" message="expected:&amp;lt;Incorrect email or password&amp;gt; but was:&amp;lt;Incorrect email or password.&amp;gt;">
      <![CDATA[java.lang.AssertionError: expected:<Incorrect email or password> but was:<Incorrect email or password.>
at automationframework.tests.ErrorValidationsTest.LoginErrorValidation(ErrorValidationsTest.java:34)
at java.base/java.util.ArrayList.forEach(ArrayList.java:1511)
at java.base/java.util.concurrent.FutureTask.run(FutureTask.java:264)
at java.base/java.util.concurrent.ThreadPoolExecutor.runWorker(ThreadPoolExecutor.java:1130)
at java.base/java.util.concurrent.ThreadPoolExecutor$Worker.run(ThreadPoolExecutor.java:630)
at java.base/java.lang.Thread.run(Thread.java:831)
... Removed 19 stack frames]]>
    </failure>
  </testcase> <!-- LoginErrorValidation -->
</testsuite> <!-- Error Validations Test -->
